app/build/outputs/logs/manifest-merger-debug-report.txt
-- Merging decision tree log ---
manifest
ADDED from src\main\AndroidManifest.xml:2:1-101:12
	package
		ADDED from src\main\AndroidManifest.xml:3:5-47
		INJECTED from src\main\AndroidManifest.xml
		INJECTED from src\main\AndroidManifest.xml
	android:versionName
		ADDED from src\main\AndroidManifest.xml:5:5-30
		INJECTED from src\main\AndroidManifest.xml
		INJECTED from src\main\AndroidManifest.xml
	android:versionCode
		ADDED from src\main\AndroidManifest.xml:4:5-28
		INJECTED from src\main\AndroidManifest.xml
		INJECTED from src\main\AndroidManifest.xml
	xmlns:android
		ADDED from src\main\AndroidManifest.xml:2:11-69
uses-permission#android.permission.GET_TASKS
ADDED from src\main\AndroidManifest.xml:7:2-65
	android:name
		ADDED from src\main\AndroidManifest.xml:7:19-62
uses-permission#android.permission.INTERNET
ADDED from src\main\AndroidManifest.xml:8:5-67
	android:name
		ADDED from src\main\AndroidManifest.xml:8:22-64
uses-permission#android.permission.ACCESS_WIFI_STATE
ADDED from src\main\AndroidManifest.xml:9:5-76
	android:name
		ADDED from src\main\AndroidManifest.xml:9:22-73
uses-permission#android.permission.ACCESS_NETWORK_STATE
ADDED from src\main\AndroidManifest.xml:10:5-79
	android:name
		ADDED from src\main\AndroidManifest.xml:10:22-76
uses-permission#android.permission.CHANGE_WIFI_STATE
ADDED from src\main\AndroidManifest.xml:11:5-76
	android:name
		ADDED from src\main\AndroidManifest.xml:11:22-73
uses-permission#android.permission.WRITE_EXTERNAL_STORAGE
ADDED from src\main\AndroidManifest.xml:12:5-81
	android:name
		ADDED from src\main\AndroidManifest.xml:12:22-78
uses-permission#android.permission.READ_PHONE_STATE
ADDED from src\main\AndroidManifest.xml:13:5-75
	android:name
		ADDED from src\main\AndroidManifest.xml:13:22-72
uses-permission#android.permission.MANAGE_ACCOUNTS
ADDED from src\main\AndroidManifest.xml:14:5-73
	android:name
		ADDED from src\main\AndroidManifest.xml:14:22-71
uses-permission#android.permission.GET_ACCOUNTS
ADDED from src\main\AndroidManifest.xml:15:5-70
	android:name
		ADDED from src\main\AndroidManifest.xml:15:22-68
uses-permission#android.permission.BLUETOOTH
ADDED from src\main\AndroidManifest.xml:17:2-65
	android:name
		ADDED from src\main\AndroidManifest.xml:17:19-62
uses-permission#android.permission.BLUETOOTH_ADMIN
ADDED from src\main\AndroidManifest.xml:18:2-71
	android:name
		ADDED from src\main\AndroidManifest.xml:18:19-68
supports-screens
ADDED from src\main\AndroidManifest.xml:20:5-25:39
	android:largeScreens
		ADDED from src\main\AndroidManifest.xml:22:9-36
	android:smallScreens
		ADDED from src\main\AndroidManifest.xml:25:9-36
	android:normalScreens
		ADDED from src\main\AndroidManifest.xml:23:9-37
	android:resizeable
		ADDED from src\main\AndroidManifest.xml:24:9-34
	android:anyDensity
		ADDED from src\main\AndroidManifest.xml:21:9-34
uses-sdk
ADDED from src\main\AndroidManifest.xml:27:5-29:41
	android:targetSdkVersion
		ADDED from src\main\AndroidManifest.xml:29:9-38
		INJECTED from src\main\AndroidManifest.xml
		INJECTED from src\main\AndroidManifest.xml
	android:minSdkVersion
		ADDED from src\main\AndroidManifest.xml:28:9-34
		INJECTED from src\main\AndroidManifest.xml
		INJECTED from src\main\AndroidManifest.xml
application
ADDED from src\main\AndroidManifest.xml:31:5-99:19
	android:label
		ADDED from src\main\AndroidManifest.xml:34:9-41
	android:debuggable
		ADDED from src\main\AndroidManifest.xml:32:9-34
	android:icon
		ADDED from src\main\AndroidManifest.xml:33:9-61
	android:theme
		ADDED from src\main\AndroidManifest.xml:35:9-40
activity#cn.sharesdk.socialization.sample.MainActivity
ADDED from src\main\AndroidManifest.xml:36:9-45:20
	android:windowSoftInputMode
		ADDED from src\main\AndroidManifest.xml:39:13-64
	android:configChanges
		ADDED from src\main\AndroidManifest.xml:38:13-74
	android:name
		ADDED from src\main\AndroidManifest.xml:37:13-41
intent-filter#android.intent.action.MAIN+android.intent.category.LAUNCHER
ADDED from src\main\AndroidManifest.xml:40:13-44:29
action#android.intent.action.MAIN
ADDED from src\main\AndroidManifest.xml:41:17-69
	android:name
		ADDED from src\main\AndroidManifest.xml:41:25-66
category#android.intent.category.LAUNCHER
ADDED from src\main\AndroidManifest.xml:43:17-77
	android:name
		ADDED from src\main\AndroidManifest.xml:43:27-74
activity#com.mob.tools.MobUIShell
ADDED from src\main\AndroidManifest.xml:47:9-81:20
	android:windowSoftInputMode
		ADDED from src\main\AndroidManifest.xml:51:13-67
	android:configChanges
		ADDED from src\main\AndroidManifest.xml:50:13-74
	android:theme
		ADDED from src\main\AndroidManifest.xml:49:13-72
	android:name
		ADDED from src\main\AndroidManifest.xml:48:13-52
intent-filter#android.intent.action.VIEW+android.intent.category.BROWSABLE+android.intent.category.DEFAULT
ADDED from src\main\AndroidManifest.xml:63:13-68:29
data
ADDED from src\main\AndroidManifest.xml:64:17-61
	android:scheme
		ADDED from src\main\AndroidManifest.xml:64:23-58
action#android.intent.action.VIEW
ADDED from src\main\AndroidManifest.xml:65:11-63
	android:name
		ADDED from src\main\AndroidManifest.xml:65:19-60
category#android.intent.category.BROWSABLE
ADDED from src\main\AndroidManifest.xml:66:11-71
	android:name
		ADDED from src\main\AndroidManifest.xml:66:21-69
category#android.intent.category.DEFAULT
ADDED from src\main\AndroidManifest.xml:67:11-70
	android:name
		ADDED from src\main\AndroidManifest.xml:67:21-67
activity#cn.sharesdk.socialization.sample.wxapi.WXEntryActivity
ADDED from src\main\AndroidManifest.xml:84:9-89:52
	android:screenOrientation
		ADDED from src\main\AndroidManifest.xml:89:13-49
	android:exported
		ADDED from src\main\AndroidManifest.xml:88:13-36
	android:configChanges
		ADDED from src\main\AndroidManifest.xml:87:13-74
	android:theme
		ADDED from src\main\AndroidManifest.xml:86:13-72
	android:name
		ADDED from src\main\AndroidManifest.xml:85:13-50
activity#cn.sharesdk.socialization.sample.yxapi.YXEntryActivity
ADDED from src\main\AndroidManifest.xml:92:9-98:46
	android:excludeFromRecents
		ADDED from src\main\AndroidManifest.xml:96:13-46
	android:launchMode
		ADDED from src\main\AndroidManifest.xml:98:13-43
	android:exported
		ADDED from src\main\AndroidManifest.xml:97:13-36
	android:configChanges
		ADDED from src\main\AndroidManifest.xml:95:13-74
	android:theme
		ADDED from src\main\AndroidManifest.xml:94:13-72
	android:name
		ADDED from src\main\AndroidManifest.xml:93:13-50